{
  message: 'database is connect successfully',
  level: 'info',
  label: 'PH',
  timestamp: '2023-06-04T20:44:46.463Z'
}
{
  message: 'Application listening on port 5000',
  level: 'info',
  label: 'PH',
  timestamp: '2023-06-04T20:44:46.495Z'
}
{
  message: 'database is connect successfully',
  level: 'info',
  label: 'PH',
  timestamp: '2023-06-04T20:55:18.749Z'
}
{
  message: 'Application listening on port 5000',
  level: 'info',
  label: 'PH',
  timestamp: '2023-06-04T20:55:18.768Z'
}
{
  message: 'database is connect successfully',
  level: 'info',
  label: 'PH',
  timestamp: '2023-06-04T20:56:33.870Z'
}
{
  message: 'Application listening on port 5000',
  level: 'info',
  label: 'PH',
  timestamp: '2023-06-04T20:56:33.877Z'
}
{
  message: 'database is connect successfully',
  level: 'info',
  label: 'PH',
  timestamp: '2023-06-04T20:56:35.318Z'
}
{
  message: 'Application listening on port 5000',
  level: 'info',
  label: 'PH',
  timestamp: '2023-06-04T20:56:35.328Z'
}
{
  message: 'database is connect successfully',
  level: 'info',
  label: 'PH',
  timestamp: '2023-06-04T20:57:25.903Z'
}
{
  message: 'Application listening on port 5000',
  level: 'info',
  label: 'PH',
  timestamp: '2023-06-04T20:57:25.917Z'
}
{
  message: 'database is connect successfully',
  level: 'info',
  label: 'PH',
  timestamp: '2023-06-04T20:57:38.134Z'
}
{
  message: 'Application listening on port 5000',
  level: 'info',
  label: 'PH',
  timestamp: '2023-06-04T20:57:38.149Z'
}
