{
  message: 'database is connect successfully',
  level: 'info',
  label: 'PH',
  timestamp: '2023-06-04T06:26:13.812Z'
}
{
  message: 'Application listening on port 5000',
  level: 'info',
  label: 'PH',
  timestamp: '2023-06-04T06:26:13.838Z'
}
{
  message: 'database is connect successfully',
  level: 'info',
  label: 'PH',
  timestamp: '2023-06-04T06:29:58.635Z'
}
{
  message: 'Application listening on port 5000',
  level: 'info',
  label: 'PH',
  timestamp: '2023-06-04T06:29:58.650Z'
}
{
  message: 'database is connect successfully',
  level: 'info',
  label: 'PH',
  timestamp: '2023-06-04T06:31:06.974Z'
}
{
  message: 'Application listening on port 5000',
  level: 'info',
  label: 'PH',
  timestamp: '2023-06-04T06:31:06.982Z'
}
{
  message: 'database is connect successfully',
  level: 'info',
  label: 'PH',
  timestamp: '2023-06-04T06:37:12.155Z'
}
{
  message: 'Application listening on port 5000',
  level: 'info',
  label: 'PH',
  timestamp: '2023-06-04T06:37:12.178Z'
}
{
  message: 'database is connect successfully',
  level: 'info',
  label: 'PH',
  timestamp: '2023-06-04T06:37:44.918Z'
}
{
  message: 'Application listening on port 5000',
  level: 'info',
  label: 'PH',
  timestamp: '2023-06-04T06:37:44.930Z'
}
{
  message: 'database is connect successfully',
  level: 'info',
  label: 'PH',
  timestamp: '2023-06-04T06:42:01.174Z'
}
{
  message: 'Application listening on port 5000',
  level: 'info',
  label: 'PH',
  timestamp: '2023-06-04T06:42:01.195Z'
}
{
  message: 'database is connect successfully',
  level: 'info',
  label: 'PH',
  timestamp: '2023-06-04T06:42:28.919Z'
}
{
  message: 'Application listening on port 5000',
  level: 'info',
  label: 'PH',
  timestamp: '2023-06-04T06:42:28.926Z'
}
{
  message: 'database is connect successfully',
  level: 'info',
  label: 'PH',
  timestamp: '2023-06-04T06:43:25.144Z'
}
{
  message: 'Application listening on port 5000',
  level: 'info',
  label: 'PH',
  timestamp: '2023-06-04T06:43:25.160Z'
}
{
  message: 'database is connect successfully',
  level: 'info',
  label: 'PH',
  timestamp: '2023-06-04T06:44:24.580Z'
}
{
  message: 'Application listening on port 5000',
  level: 'info',
  label: 'PH',
  timestamp: '2023-06-04T06:44:24.591Z'
}
