{
  message: 'SIGTERM is received',
  level: 'info',
  label: 'PH',
  timestamp: '2023-06-07T13:02:05.890Z'
}
{
  message: 'database is connect successfully',
  level: 'info',
  label: 'PH',
  timestamp: '2023-06-07T13:11:52.776Z'
}
{
  message: 'Application listening on port 5000',
  level: 'info',
  label: 'PH',
  timestamp: '2023-06-07T13:11:52.799Z'
}
{
  message: 'SIGTERM is received',
  level: 'info',
  label: 'PH',
  timestamp: '2023-06-07T13:15:06.229Z'
}
{
  message: 'database is connect successfully',
  level: 'info',
  label: 'PH',
  timestamp: '2023-06-07T13:18:17.173Z'
}
{
  message: 'Application listening on port 5000',
  level: 'info',
  label: 'PH',
  timestamp: '2023-06-07T13:18:17.185Z'
}
{
  message: 'database is connect successfully',
  level: 'info',
  label: 'PH',
  timestamp: '2023-06-07T13:20:34.031Z'
}
{
  message: 'Application listening on port 5000',
  level: 'info',
  label: 'PH',
  timestamp: '2023-06-07T13:20:34.060Z'
}
{
  message: 'database is connect successfully',
  level: 'info',
  label: 'PH',
  timestamp: '2023-06-07T13:21:06.218Z'
}
{
  message: 'Application listening on port 5000',
  level: 'info',
  label: 'PH',
  timestamp: '2023-06-07T13:21:06.230Z'
}
{
  message: 'SIGTERM is received',
  level: 'info',
  label: 'PH',
  timestamp: '2023-06-07T13:26:29.064Z'
}
{
  message: 'database is connect successfully',
  level: 'info',
  label: 'PH',
  timestamp: '2023-06-07T13:26:47.610Z'
}
{
  message: 'Application listening on port 5000',
  level: 'info',
  label: 'PH',
  timestamp: '2023-06-07T13:26:47.621Z'
}
{
  message: 'SIGTERM is received',
  level: 'info',
  label: 'PH',
  timestamp: '2023-06-07T13:29:56.749Z'
}
{
  message: 'database is connect successfully',
  level: 'info',
  label: 'PH',
  timestamp: '2023-06-07T13:30:26.569Z'
}
{
  message: 'Application listening on port 5000',
  level: 'info',
  label: 'PH',
  timestamp: '2023-06-07T13:30:26.580Z'
}
{
  message: 'SIGTERM is received',
  level: 'info',
  label: 'PH',
  timestamp: '2023-06-07T13:32:43.074Z'
}
{
  message: 'database is connect successfully',
  level: 'info',
  label: 'PH',
  timestamp: '2023-06-07T13:32:58.199Z'
}
{
  message: 'Application listening on port 5000',
  level: 'info',
  label: 'PH',
  timestamp: '2023-06-07T13:32:58.207Z'
}
{
  message: 'SIGTERM is received',
  level: 'info',
  label: 'PH',
  timestamp: '2023-06-07T13:33:24.564Z'
}
{
  message: 'database is connect successfully',
  level: 'info',
  label: 'PH',
  timestamp: '2023-06-07T13:33:36.517Z'
}
{
  message: 'Application listening on port 5000',
  level: 'info',
  label: 'PH',
  timestamp: '2023-06-07T13:33:36.526Z'
}
{
  message: 'SIGTERM is received',
  level: 'info',
  label: 'PH',
  timestamp: '2023-06-07T13:34:37.877Z'
}
{
  message: 'database is connect successfully',
  level: 'info',
  label: 'PH',
  timestamp: '2023-06-07T13:34:54.887Z'
}
{
  message: 'Application listening on port 5000',
  level: 'info',
  label: 'PH',
  timestamp: '2023-06-07T13:34:54.913Z'
}
