{
  message: 'database is connect successfully',
  level: 'info',
  label: 'PH',
  timestamp: '2023-06-08T18:06:34.452Z'
}
{
  message: 'Application listening on port 5000',
  level: 'info',
  label: 'PH',
  timestamp: '2023-06-08T18:06:34.463Z'
}
{
  message: 'SIGTERM is received',
  level: 'info',
  label: 'PH',
  timestamp: '2023-06-08T18:18:53.904Z'
}
{
  message: 'database is connect successfully',
  level: 'info',
  label: 'PH',
  timestamp: '2023-06-08T18:21:32.464Z'
}
{
  message: 'Application listening on port 5000',
  level: 'info',
  label: 'PH',
  timestamp: '2023-06-08T18:21:32.491Z'
}
{
  message: 'SIGTERM is received',
  level: 'info',
  label: 'PH',
  timestamp: '2023-06-08T18:22:44.447Z'
}
{
  message: 'database is connect successfully',
  level: 'info',
  label: 'PH',
  timestamp: '2023-06-08T18:23:30.500Z'
}
{
  message: 'Application listening on port 5000',
  level: 'info',
  label: 'PH',
  timestamp: '2023-06-08T18:23:30.519Z'
}
{
  message: 'SIGTERM is received',
  level: 'info',
  label: 'PH',
  timestamp: '2023-06-08T18:37:56.087Z'
}
