{
  message: 'database is connect successfully',
  level: 'info',
  label: 'PH',
  timestamp: '2023-06-06T07:41:02.020Z'
}
{
  message: 'Application listening on port 5000',
  level: 'info',
  label: 'PH',
  timestamp: '2023-06-06T07:41:02.031Z'
}
{
  message: 'database is connect successfully',
  level: 'info',
  label: 'PH',
  timestamp: '2023-06-06T07:47:00.016Z'
}
{
  message: 'Application listening on port 5000',
  level: 'info',
  label: 'PH',
  timestamp: '2023-06-06T07:47:00.027Z'
}
{
  message: 'database is connect successfully',
  level: 'info',
  label: 'PH',
  timestamp: '2023-06-06T07:52:34.218Z'
}
{
  message: 'Application listening on port 5000',
  level: 'info',
  label: 'PH',
  timestamp: '2023-06-06T07:52:34.235Z'
}
